{
  "RSpec": {
    "coverage": {
      "/Users/lawrencehunt/Tech Tests/mGage/gageVote/spec/features/interface_feature_spec.rb": [
        1,
        null,
        1,
        null,
        1,
        null,
        1,
        1,
        1,
        1,
        null,
        null,
        null,
        1,
        1,
        1,
        1,
        1,
        null,
        null,
        null,
        1,
        1,
        1,
        1,
        1,
        1,
        null,
        null,
        null,
        null,
        null,
        1,
        null,
        1,
        5,
        5,
        5,
        5,
        5,
        5,
        5,
        5,
        5,
        null,
        null,
        1,
        1,
        1,
        1,
        1,
        1,
        null,
        null,
        1,
        1,
        1,
        1,
        1,
        null,
        null,
        1,
        1,
        null,
        null,
        1,
        1,
        null,
        null,
        1,
        1,
        1,
        null,
        null,
        null
      ],
      "/Users/lawrencehunt/Tech Tests/mGage/gageVote/spec/rails_helper.rb": [
        null,
        1,
        1,
        null,
        1,
        1,
        1,
        1,
        1,
        1,
        1,
        1,
        1,
        null,
        null,
        null,
        null,
        null,
        null,
        null,
        null,
        null,
        null,
        null,
        null,
        null,
        null,
        null,
        null,
        null,
        null,
        null,
        null,
        null,
        1,
        null,
        1,
        null,
        1,
        null,
        null,
        null,
        null,
        1,
        null,
        null,
        null,
        null,
        null,
        null,
        null,
        null,
        null,
        null,
        null,
        null,
        null,
        null,
        1,
        null,
        null,
        1,
        null,
        null,
        null
      ],
      "/Users/lawrencehunt/Tech Tests/mGage/gageVote/config/environment.rb": [
        null,
        1,
        null,
        null,
        1
      ],
      "/Users/lawrencehunt/Tech Tests/mGage/gageVote/config/application.rb": [
        1,
        null,
        1,
        null,
        null,
        null,
        1,
        null,
        1,
        1,
        null,
        null,
        null,
        null,
        null
      ],
      "/Users/lawrencehunt/Tech Tests/mGage/gageVote/config/boot.rb": [
        1,
        null,
        1
      ],
      "/Users/lawrencehunt/Tech Tests/mGage/gageVote/config/environments/test.rb": [
        1,
        null,
        null,
        null,
        null,
        null,
        null,
        1,
        null,
        null,
        null,
        null,
        1,
        null,
        null,
        1,
        1,
        null,
        null,
        null,
        null,
        1,
        1,
        null,
        null,
        1,
        null,
        null,
        1,
        1,
        null,
        null,
        null,
        null,
        1,
        null,
        null,
        1,
        null,
        null,
        null,
        null
      ],
      "/Users/lawrencehunt/Tech Tests/mGage/gageVote/config/initializers/application_controller_renderer.rb": [
        null,
        null,
        null,
        null,
        null,
        null
      ],
      "/Users/lawrencehunt/Tech Tests/mGage/gageVote/config/initializers/assets.rb": [
        null,
        null,
        null,
        1,
        null,
        null,
        null,
        null,
        null,
        null,
        null
      ],
      "/Users/lawrencehunt/Tech Tests/mGage/gageVote/config/initializers/backtrace_silencers.rb": [
        null,
        null,
        null,
        null,
        null,
        null,
        null
      ],
      "/Users/lawrencehunt/Tech Tests/mGage/gageVote/config/initializers/cookies_serializer.rb": [
        null,
        null,
        null,
        null,
        1
      ],
      "/Users/lawrencehunt/Tech Tests/mGage/gageVote/config/initializers/filter_parameter_logging.rb": [
        null,
        null,
        null,
        1
      ],
      "/Users/lawrencehunt/Tech Tests/mGage/gageVote/config/initializers/inflections.rb": [
        null,
        null,
        null,
        null,
        null,
        null,
        null,
        null,
        null,
        null,
        null,
        null,
        null,
        null,
        null,
        null
      ],
      "/Users/lawrencehunt/Tech Tests/mGage/gageVote/config/initializers/mime_types.rb": [
        null,
        null,
        null,
        null
      ],
      "/Users/lawrencehunt/Tech Tests/mGage/gageVote/config/initializers/new_framework_defaults.rb": [
        null,
        null,
        null,
        null,
        null,
        null,
        null,
        1,
        null,
        null,
        1,
        null,
        null,
        null,
        1,
        null,
        null,
        1,
        null,
        null,
        1,
        null,
        null,
        1
      ],
      "/Users/lawrencehunt/Tech Tests/mGage/gageVote/config/initializers/session_store.rb": [
        null,
        null,
        1
      ],
      "/Users/lawrencehunt/Tech Tests/mGage/gageVote/config/initializers/wrap_parameters.rb": [
        null,
        null,
        null,
        null,
        null,
        null,
        1,
        2,
        null,
        null,
        null,
        null,
        null,
        null
      ],
      "/Users/lawrencehunt/Tech Tests/mGage/gageVote/config/routes.rb": [
        1,
        null,
        null,
        1,
        null,
        1,
        null,
        null
      ],
      "/Users/lawrencehunt/Tech Tests/mGage/gageVote/app/helpers/application_helper.rb": [
        1,
        null
      ],
      "/Users/lawrencehunt/Tech Tests/mGage/gageVote/app/helpers/campaigns_helper.rb": [
        1,
        null
      ],
      "/Users/lawrencehunt/Tech Tests/mGage/gageVote/spec/support/database_cleaner.rb": [
        1,
        null,
        1,
        1,
        null,
        null,
        1,
        24,
        null,
        null,
        1,
        0,
        null,
        null,
        1,
        24,
        null,
        null,
        1,
        24,
        null,
        null,
        null
      ],
      "/Users/lawrencehunt/Tech Tests/mGage/gageVote/spec/features/web_helpers.rb": [
        1,
        7,
        7,
        7,
        null,
        null,
        null,
        null,
        1,
        1,
        1,
        1,
        null,
        null,
        null,
        null,
        1,
        5,
        5,
        5,
        null,
        null,
        1,
        5,
        5,
        5,
        null,
        null,
        1,
        5,
        5,
        5,
        null,
        null,
        1,
        5,
        5,
        5,
        null,
        null,
        null,
        1,
        5,
        5,
        5,
        null,
        null,
        1,
        5,
        5,
        5,
        null
      ],
      "/Users/lawrencehunt/Tech Tests/mGage/gageVote/lib/importing/vote_importer.rb": [
        1,
        1,
        null,
        1,
        null,
        1,
        null,
        1,
        2,
        2,
        null,
        null,
        1,
        1,
        6,
        null,
        null,
        1,
        1,
        1,
        null,
        0,
        0,
        0,
        null,
        null,
        null,
        1,
        0,
        0,
        0,
        0,
        null,
        0,
        0,
        null,
        0,
        0,
        null,
        0,
        null,
        null,
        null,
        null
      ],
      "/Users/lawrencehunt/Tech Tests/mGage/gageVote/lib/importing/vote_parser.rb": [
        1,
        null,
        1,
        1,
        1,
        1,
        1,
        1,
        1,
        null,
        null,
        1,
        3,
        3,
        1,
        null,
        2,
        null,
        null,
        null,
        1,
        null,
        1,
        null,
        null,
        1,
        3,
        null,
        null,
        1,
        3,
        null,
        null,
        null
      ],
      "/Users/lawrencehunt/Tech Tests/mGage/gageVote/lib/importing/vote_creator.rb": [
        1,
        null,
        1,
        1,
        null,
        null,
        1,
        1,
        null,
        null,
        1,
        1,
        1,
        1,
        1,
        1,
        1,
        null,
        null,
        null
      ],
      "/Users/lawrencehunt/Tech Tests/mGage/gageVote/spec/importing/importer_spec.rb": [
        1,
        null,
        1,
        null,
        3,
        null,
        1,
        1,
        1,
        1,
        null,
        null,
        null,
        1,
        1,
        1,
        1,
        null,
        null,
        null,
        null
      ],
      "/Users/lawrencehunt/Tech Tests/mGage/gageVote/spec/importing/vote_creator_spec.rb": [
        1,
        null,
        1,
        null,
        4,
        null,
        1,
        1,
        4,
        null,
        null,
        null,
        1,
        1,
        1,
        4,
        null,
        null,
        null,
        1,
        1,
        1,
        1,
        4,
        null,
        null,
        null,
        null,
        null
      ],
      "/Users/lawrencehunt/Tech Tests/mGage/gageVote/spec/importing/vote_parser_spec.rb": [
        1,
        null,
        1,
        null,
        4,
        null,
        1,
        1,
        1,
        1,
        null,
        1,
        1,
        1,
        null,
        null,
        null,
        1,
        1,
        1,
        1,
        null,
        null,
        null,
        null
      ],
      "/Users/lawrencehunt/Tech Tests/mGage/gageVote/spec/models/campaign_spec.rb": [
        1,
        null,
        1,
        1,
        1,
        1,
        null,
        null,
        1,
        1,
        1,
        null,
        null
      ],
      "/Users/lawrencehunt/Tech Tests/mGage/gageVote/app/models/campaign.rb": [
        1,
        1,
        1,
        null,
        1,
        null
      ],
      "/Users/lawrencehunt/Tech Tests/mGage/gageVote/app/models/application_record.rb": [
        1,
        1,
        null
      ],
      "/Users/lawrencehunt/Tech Tests/mGage/gageVote/spec/models/candidate_spec.rb": [
        1,
        null,
        1,
        1,
        1,
        1,
        1,
        null,
        null,
        1,
        1,
        1,
        1,
        null,
        null,
        1,
        1,
        1,
        null,
        null
      ],
      "/Users/lawrencehunt/Tech Tests/mGage/gageVote/app/models/candidate.rb": [
        1,
        1,
        1,
        null,
        1,
        null
      ],
      "/Users/lawrencehunt/Tech Tests/mGage/gageVote/spec/models/vote_spec.rb": [
        1,
        null,
        1,
        1,
        1,
        1,
        1,
        null,
        null,
        1,
        1,
        1,
        1,
        null,
        null,
        1,
        1,
        1,
        null,
        null
      ],
      "/Users/lawrencehunt/Tech Tests/mGage/gageVote/app/models/vote.rb": [
        1,
        1,
        1,
        null,
        1,
        1,
        null,
        null
      ],
      "/Users/lawrencehunt/Tech Tests/mGage/gageVote/app/controllers/campaigns_controller.rb": [
        1,
        null,
        1,
        9,
        null,
        null,
        1,
        5,
        15,
        null,
        null,
        null
      ],
      "/Users/lawrencehunt/Tech Tests/mGage/gageVote/app/controllers/application_controller.rb": [
        1,
        1,
        null
      ]
    },
    "timestamp": 1487541776
  }
}
